<?xml version="1.0" encoding="UTF-8"?>
<testsuite xmlns:xsi="http://www.w3.org/2001/XMLSchema-instance" xsi:noNamespaceSchemaLocation="https://maven.apache.org/surefire/maven-surefire-plugin/xsd/surefire-test-report-3.0.xsd" version="3.0" name="Running Login Page" time="18.541" tests="2" errors="0" skipped="0" failures="0">
  <properties>
[...]
</properties>
  <testcase name="Action Login Page negative #1" classname="Running Login Page" time="11.071">
    <system-out><![CDATA[
@negative
Scenario Outline: Action Login Page negative                                     &amp#27;[90m# src/test/resources/features/login.feature:26&amp#27;[0m
browser value is: chrome
  &amp#27;[32mGiven &amp#27;[0m&amp#27;[32muser is on login page&amp#27;[0m                                                    &amp#27;[90m# stepDefinitions.LoginStep.user_is_on_login_page()&amp#27;[0m
Sayfanın header-title: Login Page
  &amp#27;[32mWhen &amp#27;[0m&amp#27;[32muser gets the main title of the Login page&amp#27;[0m                                &amp#27;[90m# stepDefinitions.LoginStep.user_gets_the_main_title_of_the_login_page()&amp#27;[0m
  &amp#27;[32mThen &amp#27;[0m&amp#27;[32mloginPage main title should be &amp#27;[0m&amp#27;[32m&amp#27;[1m"Login Page"&amp#27;[0m                               &amp#27;[90m# stepDefinitions.LoginStep.loginpageMainTitleShouldBe(java.lang.String)&amp#27;[0m
  &amp#27;[32mWhen &amp#27;[0m&amp#27;[32muser log into incorrect &amp#27;[0m&amp#27;[32m&amp#27;[1mmert&amp#27;[0m&amp#27;[32m  and correct &amp#27;[0m&amp#27;[32m&amp#27;[1m"SuperSecretPassword!"&amp#27;[0m&amp#27;[32m password&amp#27;[0m &amp#27;[90m# stepDefinitions.LoginStep.userLogIntoIncorrectAndCorrectPassword(java.lang.String,java.lang.String)&amp#27;[0m
  &amp#27;[32mAnd &amp#27;[0m&amp#27;[32muser verify to click login button&amp#27;[0m                                          &amp#27;[90m# stepDefinitions.LoginStep.user_verify_to_click_login_button()&amp#27;[0m
  &amp#27;[32mThen &amp#27;[0m&amp#27;[32muser should see Error message&amp#27;[0m                                             &amp#27;[90m# stepDefinitions.LoginStep.userShouldSeeErrorMessage()&amp#27;[0m
  &amp#27;[32mWhen &amp#27;[0m&amp#27;[32muser log into correct &amp#27;[0m&amp#27;[32m&amp#27;[1m"tomsmith"&amp#27;[0m&amp#27;[32m username and incorrect &amp#27;[0m&amp#27;[32m&amp#27;[1m121&amp#27;[0m               &amp#27;[90m# stepDefinitions.LoginStep.userLogIntoCorrectUsernameAndIncorrect(java.lang.String,java.lang.String)&amp#27;[0m
  &amp#27;[32mAnd &amp#27;[0m&amp#27;[32muser verify to click login button&amp#27;[0m                                          &amp#27;[90m# stepDefinitions.LoginStep.user_verify_to_click_login_button()&amp#27;[0m
  &amp#27;[32mThen &amp#27;[0m&amp#27;[32muser should see Error message&amp#27;[0m                                             &amp#27;[90m# stepDefinitions.LoginStep.userShouldSeeErrorMessage()&amp#27;[0m
]]></system-out>
    <system-err><![CDATA[SLF4J: Failed to load class "org.slf4j.impl.StaticLoggerBinder".
SLF4J: Defaulting to no-operation (NOP) logger implementation
SLF4J: See http://www.slf4j.org/codes.html#StaticLoggerBinder for further details.
Starting ChromeDriver 114.0.5735.90 (386bc09e8f4f2e025eddae123f36f6263096ae49-refs/branch-heads/5735@{#1052}) on port 16019
Only local connections are allowed.
Please see https://chromedriver.chromium.org/security-considerations for suggestions on keeping ChromeDriver safe.
ChromeDriver was started successfully.
[1691521273.855][WARNING]: This version of ChromeDriver has not been tested with Chrome version 115.
Aug 08, 2023 10:01:13 PM org.openqa.selenium.remote.ProtocolHandshake createSession
INFO: Detected dialect: W3C
]]></system-err>
  </testcase>
  <testcase name="Action Login Page negative #2" classname="Running Login Page" time="7.47">
    <system-out><![CDATA[
@negative
Scenario Outline: Action Login Page negative                                      &amp#27;[90m# src/test/resources/features/login.feature:27&amp#27;[0m
browser value is: chrome
  &amp#27;[32mGiven &amp#27;[0m&amp#27;[32muser is on login page&amp#27;[0m                                                     &amp#27;[90m# stepDefinitions.LoginStep.user_is_on_login_page()&amp#27;[0m
Sayfanın header-title: Login Page
  &amp#27;[32mWhen &amp#27;[0m&amp#27;[32muser gets the main title of the Login page&amp#27;[0m                                 &amp#27;[90m# stepDefinitions.LoginStep.user_gets_the_main_title_of_the_login_page()&amp#27;[0m
  &amp#27;[32mThen &amp#27;[0m&amp#27;[32mloginPage main title should be &amp#27;[0m&amp#27;[32m&amp#27;[1m"Login Page"&amp#27;[0m                                &amp#27;[90m# stepDefinitions.LoginStep.loginpageMainTitleShouldBe(java.lang.String)&amp#27;[0m
  &amp#27;[32mWhen &amp#27;[0m&amp#27;[32muser log into incorrect &amp#27;[0m&amp#27;[32m&amp#27;[1mselim&amp#27;[0m&amp#27;[32m  and correct &amp#27;[0m&amp#27;[32m&amp#27;[1m"SuperSecretPassword!"&amp#27;[0m&amp#27;[32m password&amp#27;[0m &amp#27;[90m# stepDefinitions.LoginStep.userLogIntoIncorrectAndCorrectPassword(java.lang.String,java.lang.String)&amp#27;[0m
  &amp#27;[32mAnd &amp#27;[0m&amp#27;[32muser verify to click login button&amp#27;[0m                                           &amp#27;[90m# stepDefinitions.LoginStep.user_verify_to_click_login_button()&amp#27;[0m
  &amp#27;[32mThen &amp#27;[0m&amp#27;[32muser should see Error message&amp#27;[0m                                              &amp#27;[90m# stepDefinitions.LoginStep.userShouldSeeErrorMessage()&amp#27;[0m
  &amp#27;[32mWhen &amp#27;[0m&amp#27;[32muser log into correct &amp#27;[0m&amp#27;[32m&amp#27;[1m"tomsmith"&amp#27;[0m&amp#27;[32m username and incorrect &amp#27;[0m&amp#27;[32m&amp#27;[1m1234&amp#27;[0m               &amp#27;[90m# stepDefinitions.LoginStep.userLogIntoCorrectUsernameAndIncorrect(java.lang.String,java.lang.String)&amp#27;[0m
  &amp#27;[32mAnd &amp#27;[0m&amp#27;[32muser verify to click login button&amp#27;[0m                                           &amp#27;[90m# stepDefinitions.LoginStep.user_verify_to_click_login_button()&amp#27;[0m
  &amp#27;[32mThen &amp#27;[0m&amp#27;[32muser should see Error message&amp#27;[0m                                              &amp#27;[90m# stepDefinitions.LoginStep.userShouldSeeErrorMessage()&amp#27;[0m
]]></system-out>
    <system-err><![CDATA[Starting ChromeDriver 114.0.5735.90 (386bc09e8f4f2e025eddae123f36f6263096ae49-refs/branch-heads/5735@{#1052}) on port 28342
Only local connections are allowed.
Please see https://chromedriver.chromium.org/security-considerations for suggestions on keeping ChromeDriver safe.
ChromeDriver was started successfully.
[1691521280.821][WARNING]: This version of ChromeDriver has not been tested with Chrome version 115.
Aug 08, 2023 10:01:20 PM org.openqa.selenium.remote.ProtocolHandshake createSession
INFO: Detected dialect: W3C
]]></system-err>
  </testcase>
</testsuite>